/home/j342a201/DPG/10-26-20/PCAnalysis
r14r38n02
Tue Oct 27 11:45:23 CDT 2020
PATH: 
/home/a385n909/work/root/bin:/panfs/pfs.local/software/7/install/openmpi/4.0/gcc/8.3/bin:/panfs/pfs.local/software/7/install/binutils/2.32/bin:/panfs/pfs.local/software/7/install/gcc/8.3/bin:/usr/lib64/qt-3.3/bin:/usr/local/bin:/usr/bin:/usr/local/sbin:/usr/sbin:/opt/ibutils/bin:/opt/dell/srvadmin/bin:/panfs/pfs.local/software/7/install/crc:/home/j342a201/.local/bin:/home/j342a201/bin:/panfs/pfs.local/software/7/install/crc:/home/j342a201/.local/bin:/home/j342a201/bin
LD_LIBRARY_PATH
/home/a385n909/work/root/lib:/panfs/pfs.local/software/7/install/openmpi/4.0/gcc/8.3/lib:/panfs/pfs.local/software/7/install/binutils/2.32/lib:/panfs/pfs.local/software/7/install/gcc/8.3/lib64:/panfs/pfs.local/software/7/install/gcc/8.3/lib
Run conversion code 
Python 2.7.5
/home/a385n909/work/root
/home/a385n909/work/root
Now in directory 
/home/j342a201/DPG/10-26-20/PCAnalysis
Start execution
Tue Oct 27 11:45:23 CDT 2020
runmyanalysis.sh Input Args
batch_test
runmacro.py
24
/home/j342a201/DPG/10-26-20/PCAnalysis/pc_ExecutionDirectory/batch_test
File /panfs/pfs.local/work/wilson/gwwilson/MinBias_RecoSim/defaultout_numEvent100_982.root
File /panfs/pfs.local/work/wilson/gwwilson/MinBias_RecoSim/defaultout_numEvent100_983.root
File /panfs/pfs.local/work/wilson/gwwilson/MinBias_RecoSim/defaultout_numEvent100_984.root
File /panfs/pfs.local/work/wilson/gwwilson/MinBias_RecoSim/defaultout_numEvent100_985.root
Warning in <TClass::Init>: no dictionary for class edm::Hash<1> is available
Warning in <TClass::Init>: no dictionary for class edm::ProcessHistory is available
Warning in <TClass::Init>: no dictionary for class edm::ProcessConfiguration is available
Warning in <TClass::Init>: no dictionary for class edm::ParameterSetBlob is available
Warning in <TClass::Init>: no dictionary for class pair<edm::Hash<1>,edm::ParameterSetBlob> is available
Warning in <TClass::Init>: no dictionary for class __pair_base<edm::Hash<1>,edm::ParameterSetBlob> is available
['/panfs/pfs.local/work/wilson/gwwilson/MinBias_RecoSim/defaultout_numEvent100_982.root', '/panfs/pfs.local/work/wilson/gwwilson/MinBias_RecoSim/defaultout_numEvent100_983.root', '/panfs/pfs.local/work/wilson/gwwilson/MinBias_RecoSim/defaultout_numEvent100_984.root', '/panfs/pfs.local/work/wilson/gwwilson/MinBias_RecoSim/defaultout_numEvent100_985.root']
('from runmacro2 numFiles == ', 4, ' nthreads == ', '24')
/home/j342a201/DPG/10-26-20/PCAnalysis/compiledThreads 24 "/panfs/pfs.local/work/wilson/gwwilson/MinBias_RecoSim/defaultout_numEvent100_982.root" "/panfs/pfs.local/work/wilson/gwwilson/MinBias_RecoSim/defaultout_numEvent100_983.root" "/panfs/pfs.local/work/wilson/gwwilson/MinBias_RecoSim/defaultout_numEvent100_984.root" "/panfs/pfs.local/work/wilson/gwwilson/MinBias_RecoSim/defaultout_numEvent100_985.root" 
Tue Oct 27 11:45:38 CDT 2020
Tue Oct 27 11:45:38 CDT 2020
Tue Oct 27 11:45:38 CDT 2020
